<?xml version="1.0" encoding="UTF-8"?>
<testsuite name="co.com.bancolombia.microservice.resolveenigmaapi.ResolveenigmaapiApplicationTests" tests="1" skipped="0" failures="0" errors="0" timestamp="2019-10-17T16:15:17" hostname="MacBook-Pro-de-Alejandro-2.local" time="0.207">
  <properties/>
  <testcase name="contextLoads" classname="co.com.bancolombia.microservice.resolveenigmaapi.ResolveenigmaapiApplicationTests" time="0.207"/>
  <system-out><![CDATA[11:15:11.064 [Test worker] DEBUG org.springframework.test.context.junit4.SpringJUnit4ClassRunner - SpringJUnit4ClassRunner constructor called with [class co.com.bancolombia.microservice.resolveenigmaapi.ResolveenigmaapiApplicationTests]
11:15:11.072 [Test worker] DEBUG org.springframework.test.context.BootstrapUtils - Instantiating CacheAwareContextLoaderDelegate from class [org.springframework.test.context.cache.DefaultCacheAwareContextLoaderDelegate]
11:15:11.084 [Test worker] DEBUG org.springframework.test.context.BootstrapUtils - Instantiating BootstrapContext using constructor [public org.springframework.test.context.support.DefaultBootstrapContext(java.lang.Class,org.springframework.test.context.CacheAwareContextLoaderDelegate)]
11:15:11.096 [Test worker] DEBUG org.springframework.test.context.BootstrapUtils - Instantiating TestContextBootstrapper for test class [co.com.bancolombia.microservice.resolveenigmaapi.ResolveenigmaapiApplicationTests] from class [org.springframework.boot.test.context.SpringBootTestContextBootstrapper]
11:15:11.104 [Test worker] INFO org.springframework.boot.test.context.SpringBootTestContextBootstrapper - Neither @ContextConfiguration nor @ContextHierarchy found for test class [co.com.bancolombia.microservice.resolveenigmaapi.ResolveenigmaapiApplicationTests], using SpringBootContextLoader
11:15:11.106 [Test worker] DEBUG org.springframework.test.context.support.AbstractContextLoader - Did not detect default resource location for test class [co.com.bancolombia.microservice.resolveenigmaapi.ResolveenigmaapiApplicationTests]: class path resource [co/com/bancolombia/microservice/resolveenigmaapi/ResolveenigmaapiApplicationTests-context.xml] does not exist
11:15:11.107 [Test worker] DEBUG org.springframework.test.context.support.AbstractContextLoader - Did not detect default resource location for test class [co.com.bancolombia.microservice.resolveenigmaapi.ResolveenigmaapiApplicationTests]: class path resource [co/com/bancolombia/microservice/resolveenigmaapi/ResolveenigmaapiApplicationTestsContext.groovy] does not exist
11:15:11.107 [Test worker] INFO org.springframework.test.context.support.AbstractContextLoader - Could not detect default resource locations for test class [co.com.bancolombia.microservice.resolveenigmaapi.ResolveenigmaapiApplicationTests]: no resource found for suffixes {-context.xml, Context.groovy}.
11:15:11.107 [Test worker] INFO org.springframework.test.context.support.AnnotationConfigContextLoaderUtils - Could not detect default configuration classes for test class [co.com.bancolombia.microservice.resolveenigmaapi.ResolveenigmaapiApplicationTests]: ResolveenigmaapiApplicationTests does not declare any static, non-private, non-final, nested classes annotated with @Configuration.
11:15:11.137 [Test worker] DEBUG org.springframework.test.context.support.ActiveProfilesUtils - Could not find an 'annotation declaring class' for annotation type [org.springframework.test.context.ActiveProfiles] and class [co.com.bancolombia.microservice.resolveenigmaapi.ResolveenigmaapiApplicationTests]
11:15:11.180 [Test worker] DEBUG org.springframework.context.annotation.ClassPathScanningCandidateComponentProvider - Identified candidate component class: file [/Users/alejandroboteroagudelo/DOCUMENTOS/Practicas/IJ/SPRING/resolveEnigmaApi/build/classes/java/main/co/com/bancolombia/microservice/resolveenigmaapi/ResolveenigmaapiApplication.class]
11:15:11.181 [Test worker] INFO org.springframework.boot.test.context.SpringBootTestContextBootstrapper - Found @SpringBootConfiguration co.com.bancolombia.microservice.resolveenigmaapi.ResolveenigmaapiApplication for test class co.com.bancolombia.microservice.resolveenigmaapi.ResolveenigmaapiApplicationTests
11:15:11.237 [Test worker] DEBUG org.springframework.boot.test.context.SpringBootTestContextBootstrapper - @TestExecutionListeners is not present for class [co.com.bancolombia.microservice.resolveenigmaapi.ResolveenigmaapiApplicationTests]: using defaults.
11:15:11.238 [Test worker] INFO org.springframework.boot.test.context.SpringBootTestContextBootstrapper - Loaded default TestExecutionListener class names from location [META-INF/spring.factories]: [org.springframework.boot.test.autoconfigure.restdocs.RestDocsTestExecutionListener, org.springframework.boot.test.autoconfigure.web.client.MockRestServiceServerResetTestExecutionListener, org.springframework.boot.test.autoconfigure.web.servlet.MockMvcPrintOnlyOnFailureTestExecutionListener, org.springframework.boot.test.autoconfigure.web.servlet.WebDriverTestExecutionListener, org.springframework.boot.test.mock.mockito.MockitoTestExecutionListener, org.springframework.boot.test.mock.mockito.ResetMocksTestExecutionListener, org.springframework.test.context.web.ServletTestExecutionListener, org.springframework.test.context.support.DirtiesContextBeforeModesTestExecutionListener, org.springframework.test.context.support.DependencyInjectionTestExecutionListener, org.springframework.test.context.support.DirtiesContextTestExecutionListener, org.springframework.test.context.transaction.TransactionalTestExecutionListener, org.springframework.test.context.jdbc.SqlScriptsTestExecutionListener]
11:15:11.243 [Test worker] DEBUG org.springframework.boot.test.context.SpringBootTestContextBootstrapper - Skipping candidate TestExecutionListener [org.springframework.test.context.web.ServletTestExecutionListener] due to a missing dependency. Specify custom listener classes or make the default listener classes and their required dependencies available. Offending class: [javax/servlet/ServletContext]
11:15:11.244 [Test worker] DEBUG org.springframework.boot.test.context.SpringBootTestContextBootstrapper - Skipping candidate TestExecutionListener [org.springframework.test.context.transaction.TransactionalTestExecutionListener] due to a missing dependency. Specify custom listener classes or make the default listener classes and their required dependencies available. Offending class: [org/springframework/transaction/interceptor/TransactionAttributeSource]
11:15:11.245 [Test worker] DEBUG org.springframework.boot.test.context.SpringBootTestContextBootstrapper - Skipping candidate TestExecutionListener [org.springframework.test.context.jdbc.SqlScriptsTestExecutionListener] due to a missing dependency. Specify custom listener classes or make the default listener classes and their required dependencies available. Offending class: [org/springframework/transaction/interceptor/TransactionAttribute]
11:15:11.245 [Test worker] INFO org.springframework.boot.test.context.SpringBootTestContextBootstrapper - Using TestExecutionListeners: [org.springframework.test.context.support.DirtiesContextBeforeModesTestExecutionListener@4fe66a6c, org.springframework.boot.test.mock.mockito.MockitoTestExecutionListener@67bcb745, org.springframework.boot.test.autoconfigure.SpringBootDependencyInjectionTestExecutionListener@4a5e5d8b, org.springframework.test.context.support.DirtiesContextTestExecutionListener@2d3d89e1, org.springframework.boot.test.autoconfigure.restdocs.RestDocsTestExecutionListener@51742320, org.springframework.boot.test.autoconfigure.web.client.MockRestServiceServerResetTestExecutionListener@53f0b0d4, org.springframework.boot.test.autoconfigure.web.servlet.MockMvcPrintOnlyOnFailureTestExecutionListener@6b7a1d24, org.springframework.boot.test.autoconfigure.web.servlet.WebDriverTestExecutionListener@2a49f32b, org.springframework.boot.test.mock.mockito.ResetMocksTestExecutionListener@5ad4a861]
11:15:11.247 [Test worker] DEBUG org.springframework.test.annotation.ProfileValueUtils - Retrieved @ProfileValueSourceConfiguration [null] for test class [co.com.bancolombia.microservice.resolveenigmaapi.ResolveenigmaapiApplicationTests]
11:15:11.247 [Test worker] DEBUG org.springframework.test.annotation.ProfileValueUtils - Retrieved ProfileValueSource type [class org.springframework.test.annotation.SystemProfileValueSource] for class [co.com.bancolombia.microservice.resolveenigmaapi.ResolveenigmaapiApplicationTests]
11:15:11.247 [Test worker] DEBUG org.springframework.test.annotation.ProfileValueUtils - Retrieved @ProfileValueSourceConfiguration [null] for test class [co.com.bancolombia.microservice.resolveenigmaapi.ResolveenigmaapiApplicationTests]
11:15:11.248 [Test worker] DEBUG org.springframework.test.annotation.ProfileValueUtils - Retrieved ProfileValueSource type [class org.springframework.test.annotation.SystemProfileValueSource] for class [co.com.bancolombia.microservice.resolveenigmaapi.ResolveenigmaapiApplicationTests]
11:15:11.251 [Test worker] DEBUG org.springframework.test.context.support.AbstractDirtiesContextTestExecutionListener - Before test class: context [DefaultTestContext@7b4ff2c8 testClass = ResolveenigmaapiApplicationTests, testInstance = [null], testMethod = [null], testException = [null], mergedContextConfiguration = [ReactiveWebMergedContextConfiguration@2a34313f testClass = ResolveenigmaapiApplicationTests, locations = '{}', classes = '{class co.com.bancolombia.microservice.resolveenigmaapi.ResolveenigmaapiApplication}', contextInitializerClasses = '[]', activeProfiles = '{}', propertySourceLocations = '{}', propertySourceProperties = '{org.springframework.boot.test.context.SpringBootTestContextBootstrapper=true}', contextCustomizers = set[org.springframework.boot.test.autoconfigure.properties.PropertyMappingContextCustomizer@0, org.springframework.boot.test.autoconfigure.web.servlet.WebDriverContextCustomizerFactory$Customizer@7fd99c1f, org.springframework.boot.test.context.filter.ExcludeFilterContextCustomizer@3f15c3e4, org.springframework.boot.test.json.DuplicateJsonObjectContextCustomizerFactory$DuplicateJsonObjectContextCustomizer@288c5ec6, org.springframework.boot.test.mock.mockito.MockitoContextCustomizer@0, org.springframework.boot.test.web.client.TestRestTemplateContextCustomizer@efe6afb, org.springframework.boot.test.web.reactive.server.WebTestClientContextCustomizer@b0d548c], contextLoader = 'org.springframework.boot.test.context.SpringBootContextLoader', parent = [null]], attributes = map[[empty]]], class annotated with @DirtiesContext [false] with mode [null].
11:15:11.251 [Test worker] DEBUG org.springframework.test.annotation.ProfileValueUtils - Retrieved @ProfileValueSourceConfiguration [null] for test class [co.com.bancolombia.microservice.resolveenigmaapi.ResolveenigmaapiApplicationTests]
11:15:11.251 [Test worker] DEBUG org.springframework.test.annotation.ProfileValueUtils - Retrieved ProfileValueSource type [class org.springframework.test.annotation.SystemProfileValueSource] for class [co.com.bancolombia.microservice.resolveenigmaapi.ResolveenigmaapiApplicationTests]
11:15:11.254 [Test worker] DEBUG org.springframework.test.context.support.DependencyInjectionTestExecutionListener - Performing dependency injection for test context [[DefaultTestContext@7b4ff2c8 testClass = ResolveenigmaapiApplicationTests, testInstance = co.com.bancolombia.microservice.resolveenigmaapi.ResolveenigmaapiApplicationTests@480acbbd, testMethod = [null], testException = [null], mergedContextConfiguration = [ReactiveWebMergedContextConfiguration@2a34313f testClass = ResolveenigmaapiApplicationTests, locations = '{}', classes = '{class co.com.bancolombia.microservice.resolveenigmaapi.ResolveenigmaapiApplication}', contextInitializerClasses = '[]', activeProfiles = '{}', propertySourceLocations = '{}', propertySourceProperties = '{org.springframework.boot.test.context.SpringBootTestContextBootstrapper=true}', contextCustomizers = set[org.springframework.boot.test.autoconfigure.properties.PropertyMappingContextCustomizer@0, org.springframework.boot.test.autoconfigure.web.servlet.WebDriverContextCustomizerFactory$Customizer@7fd99c1f, org.springframework.boot.test.context.filter.ExcludeFilterContextCustomizer@3f15c3e4, org.springframework.boot.test.json.DuplicateJsonObjectContextCustomizerFactory$DuplicateJsonObjectContextCustomizer@288c5ec6, org.springframework.boot.test.mock.mockito.MockitoContextCustomizer@0, org.springframework.boot.test.web.client.TestRestTemplateContextCustomizer@efe6afb, org.springframework.boot.test.web.reactive.server.WebTestClientContextCustomizer@b0d548c], contextLoader = 'org.springframework.boot.test.context.SpringBootContextLoader', parent = [null]], attributes = map[[empty]]]].
11:15:11.265 [Test worker] DEBUG org.springframework.test.context.support.TestPropertySourceUtils - Adding inlined properties to environment: {spring.jmx.enabled=false, org.springframework.boot.test.context.SpringBootTestContextBootstrapper=true, server.port=-1}

  .   ____          _            __ _ _
 /\\ / ___'_ __ _ _(_)_ __  __ _ \ \ \ \
( ( )\___ | '_ | '_| | '_ \/ _` | \ \ \ \
 \\/  ___)| |_)| | | | | || (_| |  ) ) ) )
  '  |____| .__|_| |_|_| |_\__, | / / / /
 =========|_|==============|___/=/_/_/_/
 :: Spring Boot ::        (v2.1.9.RELEASE)

2019-10-17 11:15:16.448  INFO 50523 --- [    Test worker] c.b.m.r.ResolveenigmaapiApplicationTests : Starting ResolveenigmaapiApplicationTests on MacBook-Pro-de-Alejandro-2.local with PID 50523 (started by alejandroboteroagudelo in /Users/alejandroboteroagudelo/DOCUMENTOS/Practicas/IJ/SPRING/resolveEnigmaApi)
2019-10-17 11:15:16.449  INFO 50523 --- [    Test worker] c.b.m.r.ResolveenigmaapiApplicationTests : No active profile set, falling back to default profiles: default
2019-10-17 11:15:17.405  INFO 50523 --- [    Test worker] c.b.m.r.ResolveenigmaapiApplicationTests : Started ResolveenigmaapiApplicationTests in 6.135 seconds (JVM running for 6.834)
]]></system-out>
  <system-err><![CDATA[]]></system-err>
</testsuite>
